[200] GET https://www.lcbo.com/en/products
[200] GET https://www.lcbo.com/static/version1769748979/frontend/Lcbo/default/en_CA/Amasty_Storelocator/vendor/chosen/chosen.min.css
[200] GET https://static.cloud.coveo.com/searchui/v2.10118/css/CoveoFullSearch.min.css
[200] GET https://www.lcbo.com/static/version1769748979/frontend/Lcbo/default/en_CA/Experius_DonationProduct/css/donation.min.css
[200] GET https://static.cloud.coveo.com/searchui/v2.10118/js/cultures/fr.js
[200] GET https://static.cloud.coveo.com/searchui/v2.10118/js/CoveoJsSearch.Lazy.min.js
[200] GET https://www.lcbo.com/static/version1769748979/frontend/Lcbo/default/en_CA/js-translation.json
[200] GET https://www.lcbo.com/content/dam/lcbo/common/megamenu/2026/p11/MM_PRODUCTS_EVENTS.jpg
[200] GET https://www.lcbo.com/content/dam/lcbo/common/megamenu/2026/p11/MM_PRODUCTS_WINES-UNDER-195_EN_V2.jpg
[200] GET https://www.lcbo.com/content/dam/lcbo/common/megamenu/2026/p11/MM_PRODUCTS_LAST-CHANCE-VINTAGES.jpg
[302] GET https://unpkg.com/@adobe/magento-storefront-events-sdk@%5E1/dist/index.js
[200] GET https://static.cloud.coveo.com/searchui/v2.10118/js/FacetsMobileMode.min__d54ecff5725273873cad.js
[200] GET https://static.cloud.coveo.com/searchui/v2.10118/js/Searchbox.min__d54ecff5725273873cad.js
[200] GET https://apps.bazaarvoice.com/deployments/lcbo/main_site/production/en_CA/bv.js
[200] GET https://unpkg.com/@adobe/magento-storefront-events-sdk@1.15.0/dist/index.js
[302] GET https://unpkg.com/@adobe/magento-storefront-event-collector@%5E1/dist/index.js
[200] GET https://unpkg.com/@adobe/magento-storefront-event-collector@1.15.0/dist/index.js
[200] GET https://apps.bazaarvoice.com/deployments/lcbo/main_site/production/en_CA/api-config.js
[200] GET https://static.cloud.coveo.com/searchui/v2.10118/0/fonts/lato.woff2
[200] GET https://dpm.demdex.net/id?d_visid_ver=5.5.0&d_fieldgroup=MC&d_rtbd=json&d_ver=2&d_orgid=744DE3BC55897A577F000101%40AdobeOrg&d_nsid=0&ts=1769825835873
[200] GET https://www.lcbo.com/en/coveo/wishlist/wishlist
[200] GET https://www.lcbo.com/en/storepickup/selection/store/?value=217&st_loc_flag=true&_=1769825834933
[200] GET https://network-a.bazaarvoice.com/a.gif?loadId=21c7ae881327ea097&BVBRANDID=3c66d71a-0d61-4102-81b6-f11e97c2bc3e&BVBRANDSID=c850c119-9396-4a82-9903-0c01f780de82&tz=300&sourceVersion=3.18.0&magpieJsVersion=3.18.0&source=bv-loader&environment=prod&client=lcbo&dc=10862&host=www.lcbo.com&r_batch=!((bvProduct:bv-loader,bvProductVersion:%2713.25.10%27,cl:Diagnostic,deploymentZone:main_site,elapsedMs:%271.0000%27,endTime:%274319.4000%27,locale:en_CA,name:timeToRunScout,startTime:%274318.4000%27,type:Performance))&_=rpdy1j
  !! failed to read JSON body: response.text: Protocol error (Network.getResponseBody): No resource with given identifier found
[200] GET https://network-a.bazaarvoice.com/a.gif?loadId=52ed98f23aeb749a&BVBRANDID=3c66d71a-0d61-4102-81b6-f11e97c2bc3e&BVBRANDSID=c850c119-9396-4a82-9903-0c01f780de82&tz=300&sourceVersion=3.18.0&magpieJsVersion=3.18.0&source=bv-loader&environment=prod&client=lcbo&dc=10862&host=www.lcbo.com&r_batch=!((bvProduct:bv-loader,bvProductVersion:%2713.25.10%27,cl:Diagnostic,deploymentZone:main_site,elapsedMs:%270.4000%27,endTime:%27187.1000%27,locale:en_CA,name:timeToRunScout,startTime:%27186.7000%27,type:Performance))&_=r8rhxy
[200] GET https://lcbo.queue-it.net/javascriptqueue/lcbo/2020pandemic/1769825836391?t=https%3A%2F%2Fwww.lcbo.com%2Fen%2Fproducts%23t%3Dclp-products%26sort%3Drelevancy%26layout%3Dcard%26f%3A%40stores_stock%3D%5Btrue%5D&ver=js2.0.61&cid=en-US
[200] GET https://static.cloud.coveo.com/searchui/v2.10118/js/Breadcrumb.min__d54ecff5725273873cad.js
[200] GET https://static.cloud.coveo.com/searchui/v2.10118/js/DidYouMean.min__d54ecff5725273873cad.js
[200] GET https://static.cloud.coveo.com/searchui/v2.10118/js/ErrorReport.min__d54ecff5725273873cad.js
[200] GET https://static.cloud.coveo.com/searchui/v2.10118/js/ExportToExcel.min__d54ecff5725273873cad.js
[200] GET https://static.cloud.coveo.com/searchui/v2.10118/js/HiddenQuery.min__d54ecff5725273873cad.js
[200] GET https://static.cloud.coveo.com/searchui/v2.10118/js/QuerySummary.min__d54ecff5725273873cad.js
[200] GET https://static.cloud.coveo.com/searchui/v2.10118/js/PreferencesPanel.min__d54ecff5725273873cad.js
[200] GET https://static.cloud.coveo.com/searchui/v2.10118/js/ResultLayoutSelector.min__d54ecff5725273873cad.js
[200] GET https://static.cloud.coveo.com/searchui/v2.10118/js/ResultsFiltersPreferences.min__d54ecff5725273873cad.js
[200] GET https://static.cloud.coveo.com/searchui/v2.10118/js/ResultList.min__d54ecff5725273873cad.js
[200] GET https://static.cloud.coveo.com/searchui/v2.10118/js/ResultsPreferences.min__d54ecff5725273873cad.js
[200] GET https://static.cloud.coveo.com/searchui/v2.10118/js/ShareQuery.min__d54ecff5725273873cad.js
[200] GET https://static.cloud.coveo.com/searchui/v2.10118/js/Triggers.min__d54ecff5725273873cad.js
[200] GET https://static.cloud.coveo.com/searchui/v2.10118/js/Sort.min__d54ecff5725273873cad.js
[200] GET https://static.cloud.coveo.com/searchui/v2.10118/js/Tab.min__d54ecff5725273873cad.js
[200] GET https://static.cloud.coveo.com/searchui/v2.10118/js/DynamicFacet.min__d54ecff5725273873cad.js
[200] GET https://static.cloud.coveo.com/searchui/v2.10118/js/DynamicHierarchicalFacet.min__d54ecff5725273873cad.js
[200] GET https://static.cloud.coveo.com/searchui/v2.10118/js/DynamicFacetRange.min__d54ecff5725273873cad.js
[200] GET https://static.cloud.coveo.com/searchui/v2.10118/js/FacetSlider.min__d54ecff5725273873cad.js
[200] POST https://commerce.adobe.io/recs/v1/precs/preconfigured
[200] GET https://smetrics.lcbo.com/b/ss/lcbomc.prod/1/JS-2.23.0-LEWM/s24917615628006?AQB=1&ndh=1&pf=1&t=30%2F0%2F2026%2021%3A17%3A16%205%20300&mid=08718777251844010022104094738049544862&aamlh=7&ce=UTF-8&pageName=category%3Aproducts&g=https%3A%2F%2Fwww.lcbo.com%2Fen%2Fproducts%23t%3Dclp-products%26sort%3Drelevancy%26layout%3Dcard%26f%3A%40stores_stock%3D%5Btrue%5D&r=https%3A%2F%2Fwww.lcbo.com%2Fen%2Fproducts&c.&rfl=2.1&getPreviousValue=3.0&getPercentPageViewed=5.0.1&getTimeParting=6.3&getNewRepeat=3.0&.c&cc=CAD&ch=category&server=www.lcbo.com&events=event1%2Cevent50&aamb=6G1ynYcLPuiQxYZrsz_pkqfLG9yMXBpb2zX5dvJdYQJzPXImdj0y&c1=category%3Aproducts&v1=category%3Aproducts&c2=https%3A%2F%2Fwww.lcbo.com%2Fen%2Fproducts%23t%3Dclp-products%26sort%3Drelevancy%26layout%3Dcard%26f%3A%40stores_stock%3D%5Btrue%5D&v2=https%3A%2F%2Fwww.lcbo.com%2Fen%2Fproducts%23t%3Dclp-products%26sort%3Drelevancy%26layout%3Dcard%26f%3A%40stores_stock%3D%5Btrue%5D&c3=category&v3=category&c4=category%3Aproducts&v4=category%3Aproducts&c5=www.lcbo.com&v5=english&c7=0.7&v7=guest&c8=%20Friday%20%7C%20time%3D9%3A17%20PM&c9=25-50%25&c12=english&v31=08718777251844010022104094738049544862&v34=New&v35=1.15&v40=browsing&v41=non-internal%20search%20keyword&v42=non-internal%20campaign&v43=category%3Aproducts&v44=non-recommendation%20list&v46=category%3Aproducts&v54=217&v55=Queens%20Quay%20%26%20Cooper%20Street&v65=non-quick%20order&s=1280x720&c=24&j=1.6&v=N&k=Y&bw=1280&bh=720&mcorgid=744DE3BC55897A577F000101%40AdobeOrg&AQE=1
[200] GET https://www.lcbo.com/en/storepickup/selection/store/?value=217&st_loc_flag=true&_=1769825836338
[200] POST https://platform.cloud.coveo.com/rest/search/v2?organizationId=lcboproductionx2kwygnc
[200] GET https://static.cloud.coveo.com/searchui/v2.10118/js/FieldValue.min__d54ecff5725273873cad.js
[200] GET https://static.cloud.coveo.com/searchui/v2.10118/js/ResultLink.min__d54ecff5725273873cad.js
[200] GET https://static.cloud.coveo.com/searchui/v2.10118/js/TemplateLoader.min__d54ecff5725273873cad.js
[200] GET https://static.cloud.coveo.com/searchui/v2.10118/js/ImageFieldValue.min__d54ecff5725273873cad.js
[200] GET https://smetrics.lcbo.com/b/ss/lcbomc.prod/1/JS-2.23.0-LEWM/s27976878611123?AQB=1&ndh=1&pf=1&t=30%2F0%2F2026%2021%3A17%3A17%205%20300&mid=08718777251844010022104094738049544862&aamlh=7&ce=UTF-8&pageName=category%3Aproducts&g=https%3A%2F%2Fwww.lcbo.com%2Fen%2Fproducts%23t%3Dclp-products%26sort%3Drelevancy%26layout%3Dcard%26f%3A%40stores_stock%3D%5Btrue%5D&c.&rfl=2.1&getPreviousValue=3.0&getPercentPageViewed=5.0.1&getTimeParting=6.3&getNewRepeat=3.0&.c&cc=CAD&ch=category&server=www.lcbo.com&events=event85&aamb=6G1ynYcLPuiQxYZrsz_pkqfLG9yMXBpb2zX5dvJdYQJzPXImdj0y&c1=category%3Aproducts&v1=category%3Aproducts&c2=https%3A%2F%2Fwww.lcbo.com%2Fen%2Fproducts%23t%3Dclp-products%26sort%3Drelevancy%26layout%3Dcard%26f%3A%40stores_stock%3D%5Btrue%5D&v2=https%3A%2F%2Fwww.lcbo.com%2Fen%2Fproducts%23t%3Dclp-products%26sort%3Drelevancy%26layout%3Dcard%26f%3A%40stores_stock%3D%5Btrue%5D&c3=category&v3=category&c4=category%3Aproducts&v4=category%3Aproducts&c5=www.lcbo.com&v5=english&c7=0.7&v7=guest&c8=%20Friday%20%7C%20time%3D9%3A17%20PM&c9=25-50%25&c12=english&v31=08718777251844010022104094738049544862&v34=New&v35=1&v40=browsing&v41=non-internal%20search%20keyword&v42=non-internal%20campaign&v43=category%3Aproducts&v44=non-recommendation%20list&v46=category%3Aproducts&v54=217&v55=Queens%20Quay%20%26%20Cooper%20Street&v65=non-quick%20order&s=1280x720&c=24&j=1.6&v=N&k=Y&bw=1280&bh=720&mcorgid=744DE3BC55897A577F000101%40AdobeOrg&lrt=84&AQE=1
[200] GET https://aem.lcbo.com/content/dam/lcbo/products/0/0/1/4/001487.jpg.thumb.319.319.png
[200] GET https://aem.lcbo.com/content/dam/lcbo/products/0/4/5/8/045839.jpg.thumb.319.319.png
[200] POST https://analytics.cloud.coveo.com/rest/ua/v15/analytics/searches?org=lcboproductionx2kwygnc
[200] GET https://aem.lcbo.com/content/dam/lcbo/products/0/2/7/0/027001.jpg.thumb.319.319.png
[200] GET https://resources.digital-cloud.medallia.ca/wdccan/752/onsite/onsiteData1769815077004.json
[200] GET https://aem.lcbo.com/content/dam/lcbo/products/3/5/6/2/356220.jpg.thumb.319.319.png
[200] GET https://aem.lcbo.com/content/dam/lcbo/products/0/4/2/6/042682.jpg.thumb.319.319.png
[200] GET https://www.lcbo.com/en/banner/ajax/load/?requesting_page_url=https%3A%2F%2Fwww.lcbo.com%2Fen%2Fproducts%23t%3Dclp-products%26sort%3Drelevancy%26layout%3Dcard%26f%3A%40stores_stock%3D%5Btrue%5D&sections=&_=1769825836337
[200] GET https://aem.lcbo.com/content/dam/lcbo/products/3/8/8/6/388694.jpg.thumb.319.319.png
[200] GET https://aem.lcbo.com/content/dam/lcbo/products/0/4/6/9/046946.jpg.thumb.319.319.png
[200] POST https://analytics-fe.digital-cloud.medallia.ca/api/web/events
[200] GET https://aem.lcbo.com/content/dam/lcbo/products/6/0/9/3/609362.jpg.thumb.319.319.png
[200] GET https://aem.lcbo.com/content/dam/lcbo/products/0/4/6/5/046551.jpg.thumb.319.319.png
[200] POST https://bam.nr-data.net/1/NRJS-8e25409fe505fc54578?a=972652360&v=1.308.0&to=NQFRZBNVCkQFVkxeXgxLclMVXQtZS1ZZQ1AOC1QfAlUQUgNaSk4eFA1WRw%3D%3D&rst=1548&ck=0&s=60831460e5904628&ref=https://www.lcbo.com/en/products&ptid=9f050b08484a25f1&af=err,xhr,stn,spa,ins&ap=765&be=55&fe=1118&dc=476&at=GUZSEltPGUo%3D&fsh=1&perf=%7B%22timing%22:%7B%22of%22:1769825836209,%22n%22:0,%22u%22:66,%22ue%22:66,%22f%22:0,%22dn%22:0,%22dne%22:0,%22c%22:0,%22s%22:0,%22ce%22:0,%22rq%22:2,%22rp%22:55,%22rpe%22:491,%22di%22:507,%22ds%22:508,%22de%22:531,%22dc%22:1160,%22l%22:1166,%22le%22:1173%7D,%22navigation%22:%7B%22ty%22:1%7D%7D&fp=168&fcp=168
[200] GET https://aem.lcbo.com/content/dam/lcbo/products/0/4/6/5/046550.jpg.thumb.319.319.png
[200] GET https://aem.lcbo.com/content/dam/lcbo/products/5/5/8/0/558098.jpg.thumb.319.319.png
[200] GET https://aem.lcbo.com/content/dam/lcbo/products/0/4/6/5/046548.jpg.thumb.319.319.png
[200] GET https://aem.lcbo.com/content/dam/lcbo/products/0/0/5/9/005959.jpg.thumb.319.319.png
[200] GET https://aem.lcbo.com/content/dam/lcbo/products/0/3/8/9/038911.jpg.thumb.319.319.png
[200] POST https://bam.nr-data.net/events/1/NRJS-8e25409fe505fc54578?a=972652360&v=1.308.0&to=NQFRZBNVCkQFVkxeXgxLclMVXQtZS1ZZQ1AOC1QfAlUQUgNaSk4eFA1WRw%3D%3D&rst=1973&ck=0&s=60831460e5904628&ref=https://www.lcbo.com/en/products&ptid=9f050b08484a25f1
[200] GET https://aem.lcbo.com/content/dam/lcbo/products/3/1/6/5/316570.jpg.thumb.319.319.png
[200] POST https://bam.nr-data.net/jserrors/1/NRJS-8e25409fe505fc54578?a=972652360&v=1.308.0&to=NQFRZBNVCkQFVkxeXgxLclMVXQtZS1ZZQ1AOC1QfAlUQUgNaSk4eFA1WRw%3D%3D&rst=1974&ck=0&s=60831460e5904628&ref=https://www.lcbo.com/en/products&ptid=9f050b08484a25f1
[200] POST https://bam.nr-data.net/events/1/NRJS-8e25409fe505fc54578?a=972652360&v=1.308.0&to=NQFRZBNVCkQFVkxeXgxLclMVXQtZS1ZZQ1AOC1QfAlUQUgNaSk4eFA1WRw%3D%3D&rst=1975&ck=0&s=60831460e5904628&ref=https://www.lcbo.com/en/products&ptid=9f050b08484a25f1
[200] GET https://aem.lcbo.com/content/dam/lcbo/products/2/7/8/4/278416.jpg.thumb.319.319.png
[200] GET https://aem.lcbo.com/content/dam/lcbo/products/4/8/3/3/483339.jpg.thumb.319.319.png
[200] GET https://aem.lcbo.com/content/dam/lcbo/products/2/5/1/8/251876.jpg.thumb.319.319.png
[200] GET https://aem.lcbo.com/content/dam/lcbo/products/0/3/5/0/035067.jpg.thumb.319.319.png
[200] GET https://aem.lcbo.com/content/dam/lcbo/products/0/3/5/0/035060.jpg.thumb.319.319.png
[200] GET https://aem.lcbo.com/content/dam/lcbo/products/0/4/4/2/044282.jpg.thumb.319.319.png
[200] GET https://aem.lcbo.com/content/dam/lcbo/products/0/3/6/2/036236.jpg.thumb.319.319.png
[200] GET https://aem.lcbo.com/content/dam/lcbo/products/0/3/5/0/035059.jpg.thumb.319.319.png
[200] GET https://aem.lcbo.com/content/dam/lcbo/products/4/7/8/0/478081.jpg.thumb.319.319.png
[200] GET https://aem.lcbo.com/content/dam/lcbo/products/3/4/4/9/344952.jpg.thumb.319.319.png
[200] GET https://aem.lcbo.com/content/dam/lcbo/products/0/3/5/0/035068.jpg.thumb.319.319.png
[200] GET https://aem.lcbo.com/content/dam/lcbo/products/0/3/9/5/039512.jpg.thumb.319.319.png
[200] GET https://aem.lcbo.com/content/dam/lcbo/products/5/0/7/8/507889.jpg.thumb.319.319.png
[200] GET https://aem.lcbo.com/content/dam/lcbo/products/0/3/7/9/037912.jpg.thumb.319.319.png
[200] GET https://aem.lcbo.com/content/dam/lcbo/products/0/4/3/8/043813.jpg.thumb.319.319.png
[200] GET https://aem.lcbo.com/content/dam/lcbo/products/0/4/6/4/046459.jpg.thumb.319.319.png
[200] GET https://aem.lcbo.com/content/dam/lcbo/products/0/4/6/5/046592.jpg.thumb.319.319.png
[200] GET https://aem.lcbo.com/content/dam/lcbo/products/0/4/1/8/041875.jpg.thumb.319.319.png
[200] GET https://aem.lcbo.com/content/dam/lcbo/products/0/4/6/7/046783.jpg.thumb.319.319.png
[200] GET https://aem.lcbo.com/content/dam/lcbo/products/0/4/3/4/043400.jpg.thumb.319.319.png
[404] GET https://aem.lcbo.com/content/dam/lcbo/products/0/4/2/7/042728.jpg.thumb.319.319.png
[200] GET https://aem.lcbo.com/content/dam/lcbo/products/0/4/4/7/044778.jpg.thumb.319.319.png
[200] GET https://aem.lcbo.com/content/dam/lcbo/products/5/5/0/0/550046.jpg.thumb.319.319.png
[200] GET https://aem.lcbo.com/content/dam/lcbo/products/0/3/3/4/033490.jpg.thumb.319.319.png
[200] GET https://aem.lcbo.com/content/dam/lcbo/products/6/3/7/7/637777.jpg.thumb.319.319.png
[200] GET https://aem.lcbo.com/content/dam/lcbo/products/4/1/7/8/417832.jpg.thumb.319.319.png
[200] GET https://aem.lcbo.com/content/dam/lcbo/products/0/3/6/3/036357.jpg.thumb.319.319.png
[200] GET https://aem.lcbo.com/content/dam/lcbo/products/0/4/6/0/046000.jpg.thumb.319.319.png
[200] GET https://aem.lcbo.com/content/dam/lcbo/products/3/0/1/9/301960.jpg.thumb.319.319.png
[200] GET https://aem.lcbo.com/content/dam/lcbo/products/5/7/7/6/577668.jpg.thumb.319.319.png
[200] GET https://aem.lcbo.com/content/dam/lcbo/products/0/2/3/8/023827.jpg.thumb.319.319.png
[200] GET https://aem.lcbo.com/content/dam/lcbo/products/6/3/5/4/635482.jpg.thumb.319.319.png
[200] GET https://aem.lcbo.com/content/dam/lcbo/products/0/3/9/9/039978.jpg.thumb.319.319.png
